<?xml version="1.0" encoding="UTF-8"?>
<testng-results skipped="0" failed="0" total="1" passed="1">
  <reporter-output>
  </reporter-output>
  <suite name="Default suite" duration-ms="31893" started-at="2020-02-03T02:48:37Z" finished-at="2020-02-03T02:49:09Z">
    <groups>
    </groups>
    <test name="Default test" duration-ms="31893" started-at="2020-02-03T02:48:37Z" finished-at="2020-02-03T02:49:09Z">
      <class name="DriverFactory.AppTest">
        <test-method status="PASS" signature="f()[pri:0, instance:DriverFactory.AppTest@6500df86]" name="f" duration-ms="31855" started-at="2020-02-03T08:18:37Z" finished-at="2020-02-03T08:19:09Z">
          <reporter-output>
          </reporter-output>
        </test-method> <!-- f -->
      </class> <!-- DriverFactory.AppTest -->
    </test> <!-- Default test -->
  </suite> <!-- Default suite -->
</testng-results>
